{
  "RSpec": {
    "coverage": {
      "/Users/asiaellis/Projects/week-10/GildedRose-Refactoring-Kata/spec/aged_brie_feature_spec.rb": {
        "lines": [
          null,
          null,
          1,
          1,
          null,
          1,
          1,
          1,
          1,
          1,
          1,
          1,
          1,
          null,
          null,
          1,
          1,
          1,
          11,
          1,
          null,
          null,
          1,
          1,
          1,
          7,
          1,
          null,
          null
        ]
      },
      "/Users/asiaellis/Projects/week-10/GildedRose-Refactoring-Kata/lib/gilded_rose.rb": {
        "lines": [
          null,
          null,
          1,
          1,
          null,
          1,
          14,
          null,
          null,
          1,
          40,
          40,
          17,
          23,
          3,
          20,
          6,
          14,
          2,
          null,
          12,
          null,
          null,
          null,
          null,
          null,
          1,
          null,
          1,
          17,
          17,
          7,
          10,
          1,
          null,
          null,
          null,
          1,
          3,
          3,
          3,
          1,
          2,
          1,
          1,
          1,
          null,
          null,
          null,
          null,
          1,
          6,
          null,
          null,
          1,
          12,
          12,
          9,
          6,
          null,
          3,
          null,
          null,
          null,
          null,
          1,
          2,
          2,
          2,
          1,
          null,
          1,
          null,
          null,
          null,
          null
        ]
      },
      "/Users/asiaellis/Projects/week-10/GildedRose-Refactoring-Kata/lib/item.rb": {
        "lines": [
          null,
          null,
          1,
          1,
          null,
          1,
          15,
          15,
          15,
          null,
          null,
          1,
          1,
          null,
          null
        ]
      },
      "/Users/asiaellis/Projects/week-10/GildedRose-Refactoring-Kata/spec/backstage_pass_feature_spec.rb": {
        "lines": [
          null,
          null,
          1,
          1,
          null,
          1,
          1,
          1,
          1,
          1,
          1,
          null,
          null,
          1,
          1,
          1,
          1,
          1,
          null,
          null,
          1,
          1,
          1,
          1,
          1,
          null,
          null
        ]
      },
      "/Users/asiaellis/Projects/week-10/GildedRose-Refactoring-Kata/spec/conjure_spec.rb": {
        "lines": [
          1,
          1,
          null,
          1,
          1,
          1,
          1,
          1,
          1,
          null,
          null,
          1,
          1,
          1,
          1,
          1,
          null,
          null
        ]
      },
      "/Users/asiaellis/Projects/week-10/GildedRose-Refactoring-Kata/spec/gilded_rose_spec.rb": {
        "lines": [
          null,
          null,
          1,
          null,
          1,
          1,
          null,
          null,
          null
        ]
      },
      "/Users/asiaellis/Projects/week-10/GildedRose-Refactoring-Kata/spec/item_spec.rb": {
        "lines": [
          null,
          null,
          1,
          null,
          1,
          null,
          1,
          1,
          1,
          1,
          null,
          null,
          null
        ]
      },
      "/Users/asiaellis/Projects/week-10/GildedRose-Refactoring-Kata/spec/sulfuras_feature_spec.rb": {
        "lines": [
          null,
          null,
          1,
          1,
          null,
          1,
          1,
          1,
          1,
          6,
          1,
          null,
          null,
          1,
          1,
          1,
          1,
          1,
          null,
          null
        ]
      },
      "/Users/asiaellis/Projects/week-10/GildedRose-Refactoring-Kata/spec/update_quality_feature_spec.rb": {
        "lines": [
          null,
          null,
          1,
          1,
          null,
          1,
          1,
          1,
          1,
          1,
          1,
          1,
          1,
          1,
          null,
          null,
          1,
          1,
          1,
          1,
          1,
          null,
          null,
          1,
          1,
          1,
          6,
          1,
          null,
          null,
          1,
          1,
          1,
          6,
          1,
          null,
          null,
          null
        ]
      }
    },
    "timestamp": 1582811879
  }
}
